+-------------------------------------------+
    Available Subscriptions
+-------------------------------------------+
Subscription Name:   Red Hat Enterprise Linux OpenStack Platform Self-Supported Business Partner NFR
Provides:            Red Hat OpenStack Beta Certification Test Suite
                     Red Hat OpenStack Beta
                     Red Hat Software Collections (for RHEL Server)
                     Red Hat Ceph Storage Calamari
                     Red Hat Enterprise MRG Messaging
                     Red Hat OpenStack Certification Test Suite
                     Red Hat Beta
                     Red Hat Ceph Storage MON
                     Red Hat Ceph Storage
                     Red Hat OpenStack
                     Red Hat Enterprise Linux Server
                     Red Hat Enterprise Linux for Real Time
                     Red Hat Enterprise Linux High Availability (for RHEL Server)
                     Red Hat Certification (for RHEL Server)
                     Red Hat Software Collections Beta (for RHEL Server)
                     Red Hat Enterprise Linux Load Balancer (for RHEL Server)
SKU:                 SER0418
Contract:            10794703
Pool ID:             8a85f9815038477101503a64762964bf
Provides Management: Yes
Available:           909
Suggested:           1
Service Level:       Self-Support
Service Type:        L1-L3
Subscription Type:   Standard
Ends:                04/10/16
System Type:         Physical

Subscription Name:   60 Day Self-Supported Red Hat Enterprise Linux with Smart Virtualization and Management Evaluation
Provides:            Red Hat Enterprise Linux Server - Extended Update Support
                     Red Hat Beta
                     Oracle Java (for RHEL Server) - Extended Update Support
                     JBoss Enterprise Application Platform
                     Red Hat Software Collections (for RHEL Server)
                     Red Hat Enterprise Virtualization
                     Oracle Java (for RHEL Server)
                     Red Hat Enterprise Linux Server
                     Red Hat Software Collections Beta (for RHEL Server)
SKU:                 SER0447
Contract:            10895783
Pool ID:             8a85f98153267dd501532cc128b703ae
Provides Management: Yes
Available:           Unlimited
Suggested:           1
Service Level:       Self-Support
Service Type:        L1-L3
Subscription Type:   Standard
Ends:                28/04/16
System Type:         Virtual

Subscription Name:   Software Collections and Developer Toolset
Provides:            Red Hat Software Collections Beta (for RHEL Workstation)
                     Red Hat Software Collections (for RHEL Workstation)
                     Red Hat Software Collections (for RHEL Server)
                     Red Hat Software Collections Beta (for RHEL Client)
                     Red Hat Software Collections (for RHEL Client)
                     Red Hat Software Collections Beta (for RHEL Server)
                     Red Hat Developer Toolset (for RHEL Workstation)
                     Red Hat Developer Toolset (for RHEL Server)
SKU:                 MCT2883
Contract:            10678247
Pool ID:             8a85f9814c9e888c014cb6867e832494
Provides Management: No
Available:           Unlimited
Suggested:           1
Service Level:       Layered
Service Type:        L1-L3
Subscription Type:   Standard
Ends:                13/04/16
System Type:         Virtual

Subscription Name:   Red Hat Enterprise Virtualization for Power Business Partner NFR, Self-Supported
Provides:            Red Hat Enterprise Virtualization for IBM Power
                     JBoss Enterprise Application Platform
                     Red Hat Enterprise Virtualization
SKU:                 SER0454
Contract:            10795257
Pool ID:             8a85f98650387f7901503da90f052d98
Provides Management: No
Available:           53
Suggested:           1
Service Level:       Self-Support
Service Type:        L1-L3
Subscription Type:   Stackable
Ends:                05/10/16
System Type:         Physical

Subscription Name:   1 Year Unsupported Red Hat Insights for Red Hat Enterprise Linux Evaluation
Provides:            
SKU:                 SER0482
Contract:            10898423
Pool ID:             8a85f981533795ea0153391f8cd932bc
Provides Management: No
Available:           19
Suggested:           1
Service Level:       Self-Support
Service Type:        L1-L3
Subscription Type:   Instance Based
Ends:                01/03/17
System Type:         Physical

Subscription Name:   30 Day Self-Supported OpenShift Enterprise, 2 Cores Evaluation
Provides:            Red Hat OpenShift Enterprise Application Node
                     Red Hat Software Collections (for RHEL Server)
                     Red Hat JBoss A-MQ Clients
                     Red Hat Beta
                     Red Hat OpenShift Enterprise JBoss EAP add-on
                     Red Hat OpenShift Enterprise
                     JBoss Enterprise Application Platform
                     Red Hat OpenShift Enterprise JBoss A-MQ add-on
                     Red Hat OpenShift Enterprise JBoss FUSE add-on
                     JBoss Enterprise Web Server
                     Oracle Java (for RHEL Server)
                     Red Hat OpenShift Enterprise Client Tools
                     Red Hat Enterprise Linux Server
                     Red Hat Enterprise Linux Atomic Host
                     Red Hat Software Collections Beta (for RHEL Server)
                     Red Hat OpenShift Enterprise Infrastructure
                     Red Hat CloudForms
SKU:                 SER0419
Contract:            10910662
Pool ID:             8a85f981539792d30153993e7ade75f5
Provides Management: Yes
Available:           3
Suggested:           1
Service Level:       Self-Support
Service Type:        L1-L3
Subscription Type:   Standard
Ends:                19/04/16
System Type:         Physical

Subscription Name:   30 Day Self-Supported OpenShift Enterprise, 2 Cores Evaluation
Provides:            Red Hat OpenShift Enterprise Application Node
                     Red Hat Software Collections (for RHEL Server)
                     Red Hat JBoss A-MQ Clients
                     Red Hat Beta
                     Red Hat OpenShift Enterprise JBoss EAP add-on
                     Red Hat OpenShift Enterprise
                     JBoss Enterprise Application Platform
                     Red Hat OpenShift Enterprise JBoss A-MQ add-on
                     JBoss Enterprise Web Server
                     Red Hat OpenShift Enterprise JBoss FUSE add-on
                     Oracle Java (for RHEL Server)
                     Red Hat OpenShift Enterprise Client Tools
                     Red Hat Enterprise Linux Server
                     Red Hat Enterprise Linux Atomic Host
                     Red Hat Software Collections Beta (for RHEL Server)
                     Red Hat OpenShift Enterprise Infrastructure
                     Red Hat CloudForms
SKU:                 SER0419
Contract:            10891755
Pool ID:             8a85f98153141c17015314539a94588b
Provides Management: Yes
Available:           3
Suggested:           1
Service Level:       Self-Support
Service Type:        L1-L3
Subscription Type:   Standard
Ends:                24/03/16
System Type:         Physical

Subscription Name:   Red Hat Enterprise Linux Developer Suite
Provides:            Red Hat Software Collections (for RHEL Server)
                     Red Hat Container Development Kit
                     MRG Realtime
                     Red Hat EUCJP Support (for RHEL Server) - Extended Update Support
                     Red Hat Enterprise Linux Server - Extended Update Support
                     Red Hat Beta
                     Oracle Java (for RHEL Server) - Extended Update Support
                     Red Hat Enterprise Linux High Performance Networking (for RHEL Compute Node)
                     Red Hat Enterprise Linux High Performance Networking (for RHEL Server) - Extended Update Support
                     Red Hat Enterprise Linux Resilient Storage (for RHEL Server)
                     Oracle Java (for RHEL Server)
                     Red Hat Container Images
                     Red Hat Enterprise Linux for Real Time
                     Red Hat Enterprise Linux Atomic Host
                     Red Hat S-JIS Support (for RHEL Server) - Extended Update Support
                     Red Hat Enterprise Linux Scalable File System (for RHEL Server)
                     Red Hat Enterprise Linux Resilient Storage (for RHEL Server) - Extended Update Support
                     Red Hat Enterprise Linux Atomic Host Beta
                     Red Hat Enterprise Linux High Availability (for RHEL Server) - Extended Update Support
                     Red Hat Container Images Beta
                     Red Hat Enterprise Linux Scalable File System (for RHEL Server) - Extended Update Support
                     Red Hat Enterprise Linux Load Balancer (for RHEL Server) - Extended Update Support
                     Red Hat Enterprise Linux High Availability (for RHEL Server)
                     Red Hat Enterprise Linux Server
                     Red Hat Software Collections Beta (for RHEL Server)
                     Red Hat Enterprise Linux Load Balancer (for RHEL Server)
                     Red Hat Enterprise Linux High Performance Networking (for RHEL Server)
                     Red Hat Developer Toolset (for RHEL Server)
SKU:                 RH2262474
Contract:            10831523
Pool ID:             8a85f98151427ebe01514415d3b14101
Provides Management: Yes
Available:           92
Suggested:           1
Service Level:       Self-Support
Service Type:        L1-L3
Subscription Type:   Standard
Ends:                25/11/16
System Type:         Virtual

Subscription Name:   Red Hat Enterprise Linux with Smart Virtualization and Management, Premium (2-sockets)
Provides:            Red Hat Enterprise Linux Server - Extended Update Support
                     Red Hat Beta
                     Oracle Java (for RHEL Server) - Extended Update Support
                     JBoss Enterprise Application Platform
                     Red Hat Software Collections (for RHEL Server)
                     Red Hat Enterprise Virtualization
                     Oracle Java (for RHEL Server)
                     Red Hat Enterprise Linux Server
                     Red Hat Software Collections Beta (for RHEL Server)
SKU:                 MCT2989
Contract:            10883076
Pool ID:             8a85f98152dd5de70152e23892175b56
Provides Management: Yes
Available:           Unlimited
Suggested:           1
Service Level:       Premium
Service Type:        L1-L3
Subscription Type:   Stackable
Ends:                31/03/16
System Type:         Virtual

Subscription Name:   30 Day Self-Supported OpenShift Enterprise, 2 Cores Evaluation
Provides:            Red Hat OpenShift Enterprise Application Node
                     Red Hat Software Collections (for RHEL Server)
                     Red Hat JBoss A-MQ Clients
                     Red Hat Beta
                     Red Hat OpenShift Enterprise JBoss EAP add-on
                     Red Hat OpenShift Enterprise
                     JBoss Enterprise Application Platform
                     Red Hat OpenShift Enterprise JBoss A-MQ add-on
                     Red Hat OpenShift Enterprise JBoss FUSE add-on
                     JBoss Enterprise Web Server
                     Oracle Java (for RHEL Server)
                     Red Hat OpenShift Enterprise Client Tools
                     Red Hat Enterprise Linux Server
                     Red Hat Enterprise Linux Atomic Host
                     Red Hat Software Collections Beta (for RHEL Server)
                     Red Hat OpenShift Enterprise Infrastructure
                     Red Hat CloudForms
SKU:                 SER0419
Contract:            10897302
Pool ID:             8a85f98153267dd50153336a165b3b9f
Provides Management: Yes
Available:           2
Suggested:           1
Service Level:       Self-Support
Service Type:        L1-L3
Subscription Type:   Standard
Ends:                30/03/16
System Type:         Physical

Subscription Name:   RHEL Client Tool for Satellite MDP
Provides:            Red Hat Satellite Tools 6 MDP
                     Red Hat Enterprise Linux Server
SKU:                 MCT2867
Contract:            10219132
Pool ID:             8a85f9863f14fed3013f8b055fa05505
Provides Management: Yes
Available:           381
Suggested:           1
Service Level:       Self-Support
Service Type:        L1-L3
Subscription Type:   Standard
Ends:                31/12/21
System Type:         Physical

Subscription Name:   60 Day Self-Supported Red Hat Enterprise Linux with Smart Virtualization and Management Evaluation
Provides:            Red Hat Enterprise Linux Server - Extended Update Support
                     Red Hat Beta
                     Oracle Java (for RHEL Server) - Extended Update Support
                     JBoss Enterprise Application Platform
                     Red Hat Software Collections (for RHEL Server)
                     Red Hat Enterprise Virtualization
                     Oracle Java (for RHEL Server)
                     Red Hat Enterprise Linux Server
                     Red Hat Software Collections Beta (for RHEL Server)
SKU:                 SER0447
Contract:            10869713
Pool ID:             8a85f981527d929901528021b06a77c8
Provides Management: Yes
Available:           Unlimited
Suggested:           1
Service Level:       Self-Support
Service Type:        L1-L3
Subscription Type:   Standard
Ends:                25/03/16
System Type:         Virtual

Subscription Name:   Red Hat Enterprise Linux Self-Supported Technology Partner Developer NFR
Provides:            Red Hat Certification (for RHEL Server)
                     Red Hat Container Development Kit
SKU:                 RH00431
Contract:            10795256
Pool ID:             8a85f98650387f7901503da8c57b2cc2
Provides Management: No
Available:           37
Suggested:           1
Service Level:       Self-Support
Service Type:        L1-L3
Subscription Type:   Standard
Ends:                05/10/16
System Type:         Physical

Subscription Name:   JBoss Business Partner Self-Supported NFR
Provides:            Red Hat OpenShift Enterprise JBoss EAP add-on Beta
                     Red Hat JBoss A-MQ Clients
                     Red Hat OpenShift Enterprise JBoss EAP add-on
                     JBoss Enterprise Application Platform
                     JBoss Enterprise Web Server
SKU:                 SER0295
Contract:            10795254
Pool ID:             8a85f9815038477101503da7cc245de8
Provides Management: No
Available:           Unlimited
Suggested:           1
Service Level:       Self-Support
Service Type:        L1-L3
Subscription Type:   Standard
Ends:                05/10/16
System Type:         Physical

Subscription Name:   90 Day Self-Supported Red Hat JBoss Enterprise Application Platform with Management Evaluation
Provides:            Red Hat JBoss A-MQ Clients
                     Red Hat OpenShift Enterprise JBoss EAP add-on Beta
                     Red Hat OpenShift Enterprise JBoss EAP add-on
                     JBoss Enterprise Application Platform
                     JBoss Enterprise Web Server
                     Red Hat Enterprise MRG Messaging
SKU:                 MW0176371
Contract:            10858250
Pool ID:             8a85f9815224fc5d015227fafcd9200a
Provides Management: No
Available:           Unlimited
Suggested:           1
Service Level:       Self-Support
Service Type:        L1-L3
Subscription Type:   Standard
Ends:                07/04/16
System Type:         Physical

Subscription Name:   CloudForms Employee Subscription
Provides:            Red Hat Beta
                     Red Hat Software Collections (for RHEL Server)
                     Oracle Java (for RHEL Server)
                     Red Hat Enterprise Linux Server
                     Red Hat Software Collections Beta (for RHEL Server)
                     Red Hat CloudForms
SKU:                 SER0412
Contract:            10431293
Pool ID:             8a85f984458f7f4d0145927466a402f5
Provides Management: No
Available:           756
Suggested:           1
Service Level:       Self-Support
Service Type:        L1-L3
Subscription Type:   Standard
Ends:                31/12/21
System Type:         Physical

Subscription Name:   Software Collections and Developer Toolset
Provides:            Red Hat Software Collections Beta (for RHEL Workstation)
                     Red Hat Software Collections (for RHEL Workstation)
                     Red Hat Software Collections (for RHEL Server)
                     Red Hat Software Collections Beta (for RHEL Client)
                     Red Hat Software Collections (for RHEL Client)
                     Red Hat Software Collections Beta (for RHEL Server)
                     Red Hat Developer Toolset (for RHEL Workstation)
                     Red Hat Developer Toolset (for RHEL Server)
SKU:                 MCT2883
Contract:            10835212
Pool ID:             8a85f981515c32ea01515e0568677dc4
Provides Management: No
Available:           Unlimited
Suggested:           1
Service Level:       Layered
Service Type:        L1-L3
Subscription Type:   Standard
Ends:                30/11/16
System Type:         Virtual

Subscription Name:   Red Hat Enterprise Virtualization for Power Business Partner NFR, Self-Supported
Provides:            Red Hat Enterprise Virtualization for IBM Power
                     JBoss Enterprise Application Platform
                     Red Hat Enterprise Virtualization
SKU:                 SER0454
Contract:            10795257
Pool ID:             8a85f98650387f7901503da90f282dad
Provides Management: No
Available:           Unlimited
Suggested:           1
Service Level:       Self-Support
Service Type:        L1-L3
Subscription Type:   Stackable
Ends:                05/10/16
System Type:         Virtual

Subscription Name:   1 Year Unsupported Red Hat Insights for Red Hat Enterprise Linux Evaluation
Provides:            
SKU:                 SER0482
Contract:            10898424
Pool ID:             8a85f9825335bdf101533920b5f16bd2
Provides Management: No
Available:           20
Suggested:           1
Service Level:       Self-Support
Service Type:        L1-L3
Subscription Type:   Instance Based
Ends:                01/03/17
System Type:         Physical

Subscription Name:   Atomic Enterprise Platform High Touch Beta
Provides:            Atomic Enterprise Platform Beta
SKU:                 RH00500
Contract:            10906373
Pool ID:             8a85f9815374971b01537605c81e064b
Provides Management: No
Available:           100
Suggested:           1
Service Level:       Self-Support
Service Type:        L1-L3
Subscription Type:   Instance Based
Ends:                13/03/17
System Type:         Physical

Subscription Name:   Software Collections and Developer Toolset
Provides:            Red Hat Software Collections Beta (for RHEL Workstation)
                     Red Hat Software Collections (for RHEL Workstation)
                     Red Hat Software Collections (for RHEL Server)
                     Red Hat Software Collections Beta (for RHEL Client)
                     Red Hat Software Collections (for RHEL Client)
                     Red Hat Software Collections Beta (for RHEL Server)
                     Red Hat Developer Toolset (for RHEL Workstation)
                     Red Hat Developer Toolset (for RHEL Server)
SKU:                 MCT2883
Contract:            10731967
Pool ID:             8a85f98a4e63abe6014e672c1c4e4846
Provides Management: No
Available:           Unlimited
Suggested:           1
Service Level:       Layered
Service Type:        L1-L3
Subscription Type:   Standard
Ends:                01/07/16
System Type:         Virtual

Subscription Name:   30 Day Self-Supported OpenShift Enterprise, 2 Cores Evaluation
Provides:            Red Hat OpenShift Enterprise Application Node
                     Red Hat Software Collections (for RHEL Server)
                     Red Hat JBoss A-MQ Clients
                     Red Hat Beta
                     Red Hat OpenShift Enterprise JBoss EAP add-on
                     Red Hat OpenShift Enterprise
                     JBoss Enterprise Application Platform
                     Red Hat OpenShift Enterprise JBoss A-MQ add-on
                     Red Hat OpenShift Enterprise JBoss FUSE add-on
                     JBoss Enterprise Web Server
                     Oracle Java (for RHEL Server)
                     Red Hat OpenShift Enterprise Client Tools
                     Red Hat Enterprise Linux Server
                     Red Hat Enterprise Linux Atomic Host
                     Red Hat Software Collections Beta (for RHEL Server)
                     Red Hat OpenShift Enterprise Infrastructure
                     Red Hat CloudForms
SKU:                 SER0419
Contract:            10894100
Pool ID:             8a85f981531cbc0401531d80b07d0095
Provides Management: Yes
Available:           3
Suggested:           1
Service Level:       Self-Support
Service Type:        L1-L3
Subscription Type:   Standard
Ends:                26/03/16
System Type:         Physical

Subscription Name:   Red Hat Enterprise Linux OpenStack Platform Self-Supported Business Partner NFR
Provides:            Red Hat OpenStack Beta Certification Test Suite
                     Red Hat OpenStack Beta
                     Red Hat Software Collections (for RHEL Server)
                     Red Hat Ceph Storage Calamari
                     Red Hat Enterprise MRG Messaging
                     Red Hat OpenStack Certification Test Suite
                     Red Hat Beta
                     Red Hat Ceph Storage MON
                     Red Hat Ceph Storage
                     Red Hat OpenStack
                     Red Hat Enterprise Linux Server
                     Red Hat Enterprise Linux for Real Time
                     Red Hat Enterprise Linux High Availability (for RHEL Server)
                     Red Hat Certification (for RHEL Server)
                     Red Hat Software Collections Beta (for RHEL Server)
                     Red Hat Enterprise Linux Load Balancer (for RHEL Server)
SKU:                 SER0418
Contract:            10794703
Pool ID:             8a85f9815038477101503a64766f64e2
Provides Management: Yes
Available:           Unlimited
Suggested:           1
Service Level:       Self-Support
Service Type:        L1-L3
Subscription Type:   Standard
Ends:                04/10/16
System Type:         Virtual

Subscription Name:   60 Day Self-Supported Red Hat Enterprise Linux with Smart Virtualization and Management Evaluation
Provides:            Red Hat Enterprise Linux Server - Extended Update Support
                     Red Hat Beta
                     Oracle Java (for RHEL Server) - Extended Update Support
                     JBoss Enterprise Application Platform
                     Red Hat Software Collections (for RHEL Server)
                     Red Hat Enterprise Virtualization
                     Oracle Java (for RHEL Server)
                     Red Hat Enterprise Linux Server
                     Red Hat Software Collections Beta (for RHEL Server)
SKU:                 SER0447
Contract:            10897754
Pool ID:             8a85f98153339776015335c651b8478c
Provides Management: Yes
Available:           Unlimited
Suggested:           1
Service Level:       Self-Support
Service Type:        L1-L3
Subscription Type:   Standard
Ends:                30/04/16
System Type:         Virtual

Subscription Name:   Red Hat Satellite Managed Design Program
Provides:            Red Hat Beta
                     Red Hat Satellite Tools 6 MDP
                     Red Hat Satellite 6 MDP
                     Oracle Java (for RHEL Server)
                     Red Hat Enterprise Linux Server
SKU:                 MCT1550
Contract:            10219132
Pool ID:             8a85f9863f14fed3013f8b055ffa5513
Provides Management: Yes
Available:           421
Suggested:           1
Service Level:       Self-Support
Service Type:        L1-L3
Subscription Type:   Standard
Ends:                31/12/21
System Type:         Physical

Subscription Name:   90 Day Self-Supported Red Hat JBoss BPM Suite with Management Evaluation
Provides:            Red Hat JBoss A-MQ Clients
                     JBoss Enterprise Application Platform
                     JBoss Enterprise Web Server
SKU:                 MW2463104
Contract:            10895563
Pool ID:             8a85f98153267dd501532bb569a8514f
Provides Management: No
Available:           Unlimited
Suggested:           1
Service Level:       Self-Support
Service Type:        L1-L3
Subscription Type:   Standard
Ends:                28/05/16
System Type:         Physical

Subscription Name:   Employee SKU
Provides:            Oracle Java (for RHEL Server) - AUS
                     Oracle Java (for RHEL Client)
                     Red Hat Enterprise Linux 7 High Availability High Touch Beta
                     Red Hat Enterprise Linux High Availability (for IBM z Systems)
                     Red Hat Enterprise Linux 6 Server HTB
                     Red Hat EUCJP Support (for RHEL Server)
                     Red Hat Enterprise Linux for Power, little endian
                     Red Hat Enterprise Linux EUS Compute Node
                     Red Hat Enterprise Linux for Power, big endian - Extended Update Support
                     Red Hat OpenShift Enterprise JBoss EAP add-on
                     Oracle Java (for RHEL Server) - Extended Update Support
                     dotNET on RHEL Beta (for RHEL Server)
                     Red Hat Enterprise Linux Load Balancer (for RHEL Server) - AUS
                     JBoss Enterprise Web Server
                     Red Hat Ceph Storage MON
                     JBoss Enterprise Web Platform
                     Red Hat Enterprise Linux Resilient Storage (for RHEL Server)
                     Red Hat Enterprise Linux 7 Load Balancer High Touch Beta
                     Red Hat OpenShift Enterprise Infrastructure Beta
                     Kernel Derivative Works for Bluegene/Q
                     Oracle Java (for RHEL Compute Node) - Extended Update Support
                     Red Hat Enterprise Linux 7 for HPC Compute Node High Touch Beta
                     Red Hat Enterprise Linux Scalable File System (for RHEL Workstation)
                     Red Hat Enterprise Linux Desktop
                     OLD Red Hat Enterprise Linux Server for ARM Development Preview
                     Red Hat Enterprise Linux for IBM z Systems - Extended Update Support
                     JBoss Enterprise Application Platform - ELS
                     Red Hat OpenShift Enterprise Client Tools Beta
                     Atomic Enterprise Platform Beta
                     Red Hat Enterprise Linux Scalable File System (for RHEL Server) - Extended Update Support
                     Red Hat OpenShift Enterprise JBoss FUSE add-on
                     Red Hat Ceph Storage
                     Red Hat Cloud Infrastructure
                     Red Hat Certificate System with Advanced Access
                     Red Hat Enterprise Linux High Performance Networking (for RHEL Server)
                     Red Hat OpenShift Enterprise Infrastructure
                     Red Hat Enterprise Linux 7 Desktop High Touch Beta
                     Red Hat Software Collections (for RHEL Server)
                     Red Hat Enterprise Linux for Power, little endian - Extended Update Support
                     Red Hat Enterprise Linux 7 for IBM z Systems High Touch Beta
                     Red Hat Enterprise Linux High Performance Networking (for RHEL for IBM POWER)
                     Red Hat Gluster Storage Nagios Server
                     Red Hat Enterprise Linux Server for ARM Beta
                     Red Hat Gluster Storage Server for On-premise
                     Red Hat Beta
                     Red Hat Enterprise Linux Server - Extended Update Support
                     Red Hat OpenShift Enterprise
                     Red Hat OpenShift Enterprise Application Node Beta
                     Red Hat OpenShift Enterprise JBoss A-MQ add-on
                     Oracle Java (for RHEL Server)
                     Red Hat Enterprise Linux for Real Time
                     Red Hat Enterprise Linux Atomic Host
                     Red Hat Developer Toolset (for RHEL Workstation)
                     Red Hat OpenShift Enterprise JBoss EAP add-on Beta
                     Red Hat OpenShift Enterprise Application Node
                     Kernel Derivative Works for HPC for Power Systems
                     Red Hat Enterprise Linux for Scientific Computing
                     Red Hat Enterprise Linux 7 Resilient Storage High Touch Beta
                     Red Hat Enterprise Linux High Availability (for RHEL Server) - AUS
                     Red Hat Enterprise Linux for Real Time for NFV
                     Red Hat Container Images HTB
                     Red Hat Single Sign-On
                     Red Hat Container Images Beta
                     Red Hat Enterprise Virtualization for IBM Power
                     Red Hat Developer Toolset (for RHEL Server EUS)
                     Red Hat OpenStack
                     Red Hat OpenShift Enterprise Client Tools
                     Red Hat Enterprise Linux Load Balancer (for RHEL Server) - Extended Update Support
                     Red Hat Enterprise Linux High Availability (for RHEL Server)
                     Red Hat Certification (for RHEL Server)
                     Red Hat Gluster Storage Management Console (for RHEL Server)
                     Red Hat OpenStack Beta
                     Red Hat Ceph Storage OSD
                     Red Hat Enterprise Virtualization
                     MRG Grid Execute
                     Red Hat Container Development Kit
                     Red Hat Enterprise Linux Workstation
                     Red Hat Enterprise Linux for SAP
                     MRG Realtime
                     Red Hat Enterprise Linux Server - AUS
                     JBoss Enterprise Application Platform
                     Red Hat Enterprise Linux High Performance Networking (for RHEL Compute Node)
                     Red Hat Container Images
                     Red Hat Enterprise MRG Messaging 3 for RHEL 7
                     Red Hat Enterprise Linux Resilient Storage (for IBM z Systems)
                     Red Hat Certificate System
                     Red Hat CloudForms
                     Red Hat Enterprise Linux Resilient Storage (for RHEL Server) - AUS
                     Red Hat S-JIS Support (for RHEL Server)
                     Red Hat Enterprise Linux Scalable File System (for RHEL Server)
                     Red Hat OpenStack Beta Certification Test Suite
                     Red Hat JBoss Core Services
                     Red Hat Enterprise Linux Resilient Storage (for RHEL Server) - Extended Update Support
                     Red Hat Enterprise Linux Atomic Host Beta
                     Red Hat Enterprise Linux EUS Compute Node High Performance Networking
                     MRG Management
                     Oracle Java (for Middleware)
                     Red Hat Enterprise Linux 7 Server High Touch Beta
                     Red Hat Enterprise Linux 7 Workstation High Touch Beta
                     Red Hat Enterprise Linux High Availability (for RHEL Server) - Extended Update Support
                     Red Hat Enterprise Linux 6 Workstation HTB
                     Red Hat JBoss A-MQ Clients
                     Red Hat Directory Server
                     Red Hat Enterprise Linux Server - Extended Life Cycle Support
                     Red Hat Enterprise Linux for IBM z Systems
                     Red Hat Enterprise Linux Load Balancer (for RHEL Server)
                     Red Hat Developer Toolset (for RHEL Server)
                     Red Hat Hardware Certification Test Suite
                     Red Hat Enterprise Linux Atomic Host HTB
                     Red Hat Software Collections Beta (for RHEL Workstation)
                     Red Hat Software Collections (for RHEL Workstation)
                     Oracle Java (for RHEL Workstation)
                     Red Hat Ceph Storage Calamari
                     Red Hat Enterprise MRG Messaging
                     Red Hat Enterprise Linux for SAP Hana
                     Red Hat Enterprise Linux Scalable File System (for RHEL Server) - AUS
                     MRG Grid
                     Oracle Java (for RHEL Compute Node)
                     Red Hat Mobile Application Platform v4.0 Beta
                     Red Hat Enterprise Linux for Power, big endian
                     Red Hat Enterprise Linux 7 for IBM POWER High Touch Beta
                     dotNET on RHEL (for RHEL Server)
                     Red Hat Storage
                     Red Hat Enterprise Linux EUS Compute Node Scalable File System
                     Red Hat Enterprise Linux Server for ARM Development Preview
                     Red Hat Certification (for RHEL Server) from RHUI
                     Red Hat Software Collections Beta (for RHEL Client)
                     Red Hat Enterprise Linux Scalable File System (for RHEL Compute Node)
                     Red Hat S-JIS Support (for RHEL Server) - AUS
                     Red Hat Enterprise Linux Server
                     Red Hat Software Collections Beta (for RHEL Server)
SKU:                 ES0113909
Contract:            10169621
Pool ID:             8a85f9833e1404a9013e3cddf99305e6
Provides Management: Yes
Available:           Unlimited
Suggested:           1
Service Level:       Self-Support
Service Type:        L1-L3
Subscription Type:   Standard
Ends:                31/12/21
System Type:         Virtual

Subscription Name:   Software Collections and Developer Toolset
Provides:            Red Hat Software Collections Beta (for RHEL Workstation)
                     Red Hat Software Collections (for RHEL Workstation)
                     Red Hat Software Collections (for RHEL Server)
                     Red Hat Software Collections Beta (for RHEL Client)
                     Red Hat Software Collections (for RHEL Client)
                     Red Hat Software Collections Beta (for RHEL Server)
                     Red Hat Developer Toolset (for RHEL Workstation)
                     Red Hat Developer Toolset (for RHEL Server)
SKU:                 MCT2883
Contract:            10807345
Pool ID:             8a85f981509cb3b00150a19fae004625
Provides Management: No
Available:           Unlimited
Suggested:           1
Service Level:       Layered
Service Type:        L1-L3
Subscription Type:   Standard
Ends:                24/10/16
System Type:         Virtual

Subscription Name:   Atomic Enterprise Platform High Touch Beta
Provides:            Atomic Enterprise Platform Beta
SKU:                 RH00500
Contract:            10827090
Pool ID:             8a85f9815124675f0151253fccfe5975
Provides Management: No
Available:           1
Suggested:           1
Service Level:       Self-Support
Service Type:        L1-L3
Subscription Type:   Instance Based
Ends:                19/11/16
System Type:         Physical

Subscription Name:   RHEV Employee Subscription
Provides:            JBoss Enterprise Application Platform
                     Red Hat Enterprise Virtualization
SKU:                 SER0422
Contract:            10083176
Pool ID:             8a85f9843c3ade76013c3b451f690bcd
Provides Management: No
Available:           2149
Suggested:           1
Service Level:       Self-Support
Service Type:        L1-L3
Subscription Type:   Standard
Ends:                31/12/21
System Type:         Physical

Subscription Name:   30 Day Self-Supported Red Hat JBoss Enterprise Application Platform Evaluation
Provides:            Red Hat OpenShift Enterprise JBoss EAP add-on Beta
                     Red Hat JBoss A-MQ Clients
                     Red Hat OpenShift Enterprise JBoss EAP add-on
                     JBoss Enterprise Application Platform
                     JBoss Enterprise Web Server
                     Red Hat Enterprise MRG Messaging
SKU:                 MW0150761
Contract:            10083176
Pool ID:             8a85f9843c3ade76013c3b451f840bdb
Provides Management: No
Available:           Unlimited
Suggested:           1
Service Level:       Self-Support
Service Type:        L1-L3
Subscription Type:   Standard
Ends:                31/12/21
System Type:         Physical

